43465 28220.772     864.0     48.5     718.5  66925.0         0
43465 28250.802     559.0     39.2    1377.4  67367.6         0
43465 28280.833     665.0     82.4    2023.3  67825.3         0
43465 28310.863     513.0     35.2    2688.2  68267.8         0
43465 28340.893     543.0     36.2    3356.4  68725.6         0
43465 28370.918     508.0     31.8    3990.7  69168.1         0
43465 28400.948     594.0     38.3    4599.1  69625.9         0
43465 28430.979     549.0     47.8    5279.1  70068.4         0
43465 28461.009     685.0     29.6    6050.6  70526.1         0
43465 28491.040    1273.0     43.4    6956.9  70968.6         0
43465 28521.070     511.0     39.3    7224.8  71426.4         0
43465 28551.100     985.0     41.4    8092.9  71868.9         0
43465 28581.134    4360.0   3841.2    8508.3  72326.7         0
43465 28611.161     533.0     66.6    9169.1  72784.4         0
43465 28641.191     527.0     37.0    9797.4  73226.9         0
43465 28671.221     630.0     42.1   10437.4  73684.7         0
43465 28701.252     508.0     35.9   11071.4  74127.2         0
43465 28731.282     577.0     26.7   11771.7  74585.0         0
43465 28761.312     494.0     31.8   12354.0  75027.5         0
43465 28791.343     501.0     29.8   12999.1  75485.2         0
43465 28821.373     558.0     42.0   13630.6  75927.7         0
43465 28851.404     848.0     99.0   14362.2  76385.5         0
43465 28881.428     473.0     31.1   14889.5  76828.0         0
43465 28911.458     445.0     50.2   15565.3  53573.6         0
43465 28941.489     648.0     59.5   16314.8  54016.1         0
43465 28971.518     547.0     42.7   17022.5  54458.6         0
43465 29001.548     554.0     45.9   17741.7  54916.4         0
43465 29031.579     499.0     33.6   18435.8  51483.2         0
43465 29061.610    1346.0     48.8   19533.2  65322.9         0
43465 29091.639     626.0     49.1   19897.4  65765.4         0
43465 29121.670     750.0     52.9   20594.5  66223.1         0
43465 29151.701    1121.0     36.0   21533.3  66665.6         0
43465 29181.730     653.0     37.7   22001.9  67123.4         0
43465 29211.761     515.0     44.4   22630.3  67565.9         0
43465 29241.791     574.0     36.6   23360.5  68023.7         0
43465 29271.821     460.0     26.1   24003.8  68466.2         0
43465 29301.852     485.0     39.3   24709.4  68924.0         0
43465 29331.882     582.0     48.9   25383.1  69366.5         0
43465 29361.913     804.0     33.4   26231.9  69824.2         0
43465 29391.943     458.0     31.2   26753.2  70266.7         0
43465 29421.975    2533.0     54.1   28461.8  70724.5         0
43465 29452.005    2159.0     54.5   28925.3  71167.0         0
43465 29482.034     534.0     32.3   28779.6  71624.8         0
43465 29512.064     512.0     61.0   29455.3  72067.3         0
43465 29542.095     722.0     50.8   30134.1  72509.8         0
43465 29572.119    1095.0     49.5   31091.9  72982.8         0
43465 29602.152    4365.0     39.1   33417.6  73425.3         0
43465 29632.179     548.0     34.1   32189.2  73883.1         0
43465 29662.209     716.0     64.3   32879.2  74325.6         0
43465 29692.239     575.0     34.7   33509.5  74783.3         0
43465 29722.270     460.0     35.5   34135.7  75225.8         0
43465 29752.300     576.0     34.2   34849.6  75683.6         0
43465 29782.332    2095.0     59.3   36239.1  76126.1         0
43465 29812.361     453.0     25.0   36149.0  76583.9         0
43465 29842.391     464.0     30.9   36791.1  77026.4         0
43465 29872.421     486.0     37.5   37439.6  77484.1         0
43465 29902.452     531.0     42.2   38084.4  77926.6         0
43465 29932.482     735.0     47.3   38857.9  78384.4         0
43465 29962.513     616.0     37.5   39407.5  78826.9         0
43465 29992.543    1046.0     30.6   40336.4  79284.7         0
